[    1334ms] [INFO] %cDownload the React DevTools for a better development experience: https://react.dev/link/react-devtools font-weight:bold @ http://localhost:3000/_next/static/chunks/0pc7_next_dist_0n5a9ki._.js:2477
[    1376ms] [LOG] [HMR] connected @ http://localhost:3000/_next/static/chunks/0pc7_next_dist_0n5a9ki._.js:2477
[    1427ms] [ERROR] Failed to load resource: the server responded with a status of 404 (Not Found) @ http://localhost:3000/favicon.ico:0
[  111289ms] [LOG] [Fast Refresh] rebuilding @ http://localhost:3000/_next/static/chunks/0pc7_next_dist_0n5a9ki._.js:2477
[  111336ms] [LOG] [Fast Refresh] done in 54ms @ http://localhost:3000/_next/static/chunks/0pc7_next_dist_0n5a9ki._.js:2477
[  113157ms] [LOG] [Fast Refresh] rebuilding @ http://localhost:3000/_next/static/chunks/0pc7_next_dist_0n5a9ki._.js:2477
[  113192ms] [LOG] [Fast Refresh] done in 11ms @ http://localhost:3000/_next/static/chunks/0pc7_next_dist_0n5a9ki._.js:2477
[  115983ms] [LOG] [Fast Refresh] rebuilding @ http://localhost:3000/_next/static/chunks/0pc7_next_dist_0n5a9ki._.js:2477
[  116018ms] [LOG] [Fast Refresh] done in 12ms @ http://localhost:3000/_next/static/chunks/0pc7_next_dist_0n5a9ki._.js:2477
[  122614ms] [LOG] [Fast Refresh] rebuilding @ http://localhost:3000/_next/static/chunks/0pc7_next_dist_0n5a9ki._.js:2477
[  122650ms] [LOG] [Fast Refresh] done in 16ms @ http://localhost:3000/_next/static/chunks/0pc7_next_dist_0n5a9ki._.js:2477
[  126356ms] [LOG] [Fast Refresh] rebuilding @ http://localhost:3000/_next/static/chunks/0pc7_next_dist_0n5a9ki._.js:2477
[  126392ms] [LOG] [Fast Refresh] done in 10ms @ http://localhost:3000/_next/static/chunks/0pc7_next_dist_0n5a9ki._.js:2477
[  134144ms] [LOG] [Fast Refresh] rebuilding @ http://localhost:3000/_next/static/chunks/0pc7_next_dist_0n5a9ki._.js:2477
[  134174ms] [LOG] [Fast Refresh] done in 13ms @ http://localhost:3000/_next/static/chunks/0pc7_next_dist_0n5a9ki._.js:2477
[  139538ms] [LOG] [Fast Refresh] rebuilding @ http://localhost:3000/_next/static/chunks/0pc7_next_dist_0n5a9ki._.js:2477
[  139567ms] [LOG] [Fast Refresh] done in 25ms @ http://localhost:3000/_next/static/chunks/0pc7_next_dist_0n5a9ki._.js:2477
[  142343ms] [LOG] [Fast Refresh] rebuilding @ http://localhost:3000/_next/static/chunks/0pc7_next_dist_0n5a9ki._.js:2477
[  142479ms] [LOG] [Fast Refresh] done in 75ms @ http://localhost:3000/_next/static/chunks/0pc7_next_dist_0n5a9ki._.js:2477
[  142622ms] [LOG] [Fast Refresh] rebuilding @ http://localhost:3000/_next/static/chunks/0pc7_next_dist_0n5a9ki._.js:2477
[  142656ms] [LOG] [Fast Refresh] done in 134ms @ http://localhost:3000/_next/static/chunks/0pc7_next_dist_0n5a9ki._.js:2477
