[     151ms] [INFO] %cDownload the React DevTools for a better development experience: https://react.dev/link/react-devtools font-weight:bold @ http://localhost:3000/_next/static/chunks/0pc7_next_dist_0n5a9ki._.js:2477
[     160ms] [LOG] [HMR] connected @ http://localhost:3000/_next/static/chunks/0pc7_next_dist_0n5a9ki._.js:2477
[  142863ms] [LOG] [Fast Refresh] rebuilding @ http://localhost:3000/_next/static/chunks/0pc7_next_dist_0n5a9ki._.js:2477
[  142893ms] [LOG] [Fast Refresh] done in 23ms @ http://localhost:3000/_next/static/chunks/0pc7_next_dist_0n5a9ki._.js:2477
[  144787ms] [LOG] [Fast Refresh] rebuilding @ http://localhost:3000/_next/static/chunks/0pc7_next_dist_0n5a9ki._.js:2477
[  144823ms] [LOG] [Fast Refresh] done in 12ms @ http://localhost:3000/_next/static/chunks/0pc7_next_dist_0n5a9ki._.js:2477
[  147182ms] [LOG] [Fast Refresh] rebuilding @ http://localhost:3000/_next/static/chunks/0pc7_next_dist_0n5a9ki._.js:2477
[  147217ms] [LOG] [Fast Refresh] done in 12ms @ http://localhost:3000/_next/static/chunks/0pc7_next_dist_0n5a9ki._.js:2477
[  150757ms] [LOG] [Fast Refresh] rebuilding @ http://localhost:3000/_next/static/chunks/0pc7_next_dist_0n5a9ki._.js:2477
[  150818ms] [LOG] [Fast Refresh] done in 33ms @ http://localhost:3000/_next/static/chunks/0pc7_next_dist_0n5a9ki._.js:2477
[  194441ms] [LOG] [Fast Refresh] rebuilding @ http://localhost:3000/_next/static/chunks/0pc7_next_dist_0n5a9ki._.js:2477
[  194471ms] [LOG] [Fast Refresh] done in 17ms @ http://localhost:3000/_next/static/chunks/0pc7_next_dist_0n5a9ki._.js:2477
[  195974ms] [LOG] [Fast Refresh] rebuilding @ http://localhost:3000/_next/static/chunks/0pc7_next_dist_0n5a9ki._.js:2477
[  196001ms] [LOG] [Fast Refresh] done in 16ms @ http://localhost:3000/_next/static/chunks/0pc7_next_dist_0n5a9ki._.js:2477
[  208673ms] [INFO] %cDownload the React DevTools for a better development experience: https://react.dev/link/react-devtools font-weight:bold @ http://localhost:3000/_next/static/chunks/0pc7_next_dist_0n5a9ki._.js:2477
[  208681ms] [LOG] [HMR] connected @ http://localhost:3000/_next/static/chunks/0pc7_next_dist_0n5a9ki._.js:2477
[  291741ms] [LOG] [Fast Refresh] rebuilding @ http://localhost:3000/_next/static/chunks/0pc7_next_dist_0n5a9ki._.js:2477
[  291769ms] [LOG] [Fast Refresh] done in 35ms @ http://localhost:3000/_next/static/chunks/0pc7_next_dist_0n5a9ki._.js:2477
[  369316ms] [LOG] [Fast Refresh] rebuilding @ http://localhost:3000/_next/static/chunks/0pc7_next_dist_0n5a9ki._.js:2477
[  369350ms] [LOG] [Fast Refresh] done in 26ms @ http://localhost:3000/_next/static/chunks/0pc7_next_dist_0n5a9ki._.js:2477
