[     515ms] [INFO] %cDownload the React DevTools for a better development experience: https://react.dev/link/react-devtools font-weight:bold @ http://localhost:3000/_next/static/chunks/0pc7_next_dist_0n5a9ki._.js:2477
[     536ms] [LOG] [HMR] connected @ http://localhost:3000/_next/static/chunks/0pc7_next_dist_0n5a9ki._.js:2477
[  167170ms] [LOG] [Fast Refresh] rebuilding @ http://localhost:3000/_next/static/chunks/0pc7_next_dist_0n5a9ki._.js:2477
[  167411ms] [ERROR] ./VibeCoding/beeond/.worktrees/landing-fable5/apps/web/src/components/hero/swarm-rested.tsx:2:1
Export HONEY_LINE doesn't exist in target module
  1 | import { hexPath, hexVertices, axialToPixel, hexRing, mulberry32 } from "@/lib/hex";
> 2 | import { CELL, HONEY_LINE, REST_DOTS, SWARM_VB } from "./swarm-data";
    | ^^^^^^^^^^^^^^^^^^^^^^^^^^^^^^^^^^^^^^^^^^^^^^^^^^^^^^^^^^^^^^^^^^^^^
  3 |
  4 | /**
  5 |  * The rested swarm — "the comb under construction". SSR SVG, present from

The export HONEY_LINE was not found in module [project]/VibeCoding/beeond/.worktrees/landing-fable5/apps/web/src/components/hero/swarm-data.ts [app-rsc] (ecmascript).
Did you mean to import CELL?
All exports of the module are statically known (It doesn't have dynamic exports). So it's known statically that the requested export doesn't exist.

Import trace:
  Server Component:
    ./VibeCoding/beeond/.worktrees/landing-fable5/apps/web/src/components/hero/swarm-rested.tsx
    ./VibeCoding/beeond/.worktrees/landing-fable5/apps/web/src/components/hero/hero.tsx
    ./VibeCoding/beeond/.worktrees/landing-fable5/apps/web/src/app/page.tsx @ http://localhost:3000/_next/static/chunks/0pc7_next_dist_0n5a9ki._.js:3318
[  167542ms] [LOG] [Fast Refresh] rebuilding @ http://localhost:3000/_next/static/chunks/0pc7_next_dist_0n5a9ki._.js:2477
[  167548ms] [ERROR] ./VibeCoding/beeond/.worktrees/landing-fable5/apps/web/src/components/hero/swarm-rested.tsx:2:1
Export HONEY_LINE doesn't exist in target module
  1 | import { hexPath, hexVertices, axialToPixel, hexRing, mulberry32 } from "@/lib/hex";
> 2 | import { CELL, HONEY_LINE, REST_DOTS, SWARM_VB } from "./swarm-data";
    | ^^^^^^^^^^^^^^^^^^^^^^^^^^^^^^^^^^^^^^^^^^^^^^^^^^^^^^^^^^^^^^^^^^^^^
  3 |
  4 | /**
  5 |  * The rested swarm — "the comb under construction". SSR SVG, present from

The export HONEY_LINE was not found in module [project]/VibeCoding/beeond/.worktrees/landing-fable5/apps/web/src/components/hero/swarm-data.ts [app-rsc] (ecmascript).
Did you mean to import CELL?
All exports of the module are statically known (It doesn't have dynamic exports). So it's known statically that the requested export doesn't exist.

Import trace:
  Server Component:
    ./VibeCoding/beeond/.worktrees/landing-fable5/apps/web/src/components/hero/swarm-rested.tsx
    ./VibeCoding/beeond/.worktrees/landing-fable5/apps/web/src/components/hero/hero.tsx
    ./VibeCoding/beeond/.worktrees/landing-fable5/apps/web/src/app/page.tsx @ http://localhost:3000/_next/static/chunks/0pc7_next_dist_0n5a9ki._.js:3318
[  185254ms] [LOG] [Fast Refresh] rebuilding @ http://localhost:3000/_next/static/chunks/0pc7_next_dist_0n5a9ki._.js:2477
[  185287ms] [LOG] [Fast Refresh] done in 32ms @ http://localhost:3000/_next/static/chunks/0pc7_next_dist_0n5a9ki._.js:2477
[  239366ms] [LOG] [Fast Refresh] rebuilding @ http://localhost:3000/_next/static/chunks/0pc7_next_dist_0n5a9ki._.js:2477
[  239462ms] [LOG] [Fast Refresh] done in 90ms @ http://localhost:3000/_next/static/chunks/0pc7_next_dist_0n5a9ki._.js:2477
[  241748ms] [LOG] [Fast Refresh] rebuilding @ http://localhost:3000/_next/static/chunks/0pc7_next_dist_0n5a9ki._.js:2477
[  241786ms] [LOG] [Fast Refresh] done in 16ms @ http://localhost:3000/_next/static/chunks/0pc7_next_dist_0n5a9ki._.js:2477
[  252501ms] [LOG] [Fast Refresh] rebuilding @ http://localhost:3000/_next/static/chunks/0pc7_next_dist_0n5a9ki._.js:2477
[  252532ms] [LOG] [Fast Refresh] done in 38ms @ http://localhost:3000/_next/static/chunks/0pc7_next_dist_0n5a9ki._.js:2477
[  259594ms] [LOG] [Fast Refresh] rebuilding @ http://localhost:3000/_next/static/chunks/0pc7_next_dist_0n5a9ki._.js:2477
[  259632ms] [LOG] [Fast Refresh] done in 17ms @ http://localhost:3000/_next/static/chunks/0pc7_next_dist_0n5a9ki._.js:2477
[  298775ms] [LOG] [Fast Refresh] rebuilding @ http://localhost:3000/_next/static/chunks/0pc7_next_dist_0n5a9ki._.js:2477
[  298811ms] [LOG] [Fast Refresh] done in 45ms @ http://localhost:3000/_next/static/chunks/0pc7_next_dist_0n5a9ki._.js:2477
[  301502ms] [LOG] [Fast Refresh] rebuilding @ http://localhost:3000/_next/static/chunks/0pc7_next_dist_0n5a9ki._.js:2477
[  301548ms] [LOG] [Fast Refresh] done in 21ms @ http://localhost:3000/_next/static/chunks/0pc7_next_dist_0n5a9ki._.js:2477
[  397348ms] [LOG] [Fast Refresh] rebuilding @ http://localhost:3000/_next/static/chunks/0pc7_next_dist_0n5a9ki._.js:2477
[  397418ms] [LOG] [Fast Refresh] done in 41ms @ http://localhost:3000/_next/static/chunks/0pc7_next_dist_0n5a9ki._.js:2477
